c:\users\steven\source\repos\designpattern\designpattern\x64\debug\vc143.pdb
c:\users\steven\source\repos\designpattern\designpattern\x64\debug\vc143.idb
c:\users\steven\source\repos\designpattern\designpattern\x64\debug\facade.obj
c:\users\steven\source\repos\designpattern\designpattern\x64\debug\builder.obj
c:\users\steven\source\repos\designpattern\designpattern\x64\debug\composite.obj
c:\users\steven\source\repos\designpattern\designpattern\x64\debug\proxy.obj
c:\users\steven\source\repos\designpattern\designpattern\x64\debug\flyweight.obj
c:\users\steven\source\repos\designpattern\designpattern\x64\debug\bridge.obj
c:\users\steven\source\repos\designpattern\designpattern\x64\debug\decorator .obj
c:\users\steven\source\repos\designpattern\designpattern\x64\debug\memento.obj
c:\users\steven\source\repos\designpattern\designpattern\x64\debug\mediator.obj
c:\users\steven\source\repos\designpattern\designpattern\x64\debug\observer.obj
c:\users\steven\source\repos\designpattern\designpattern\x64\debug\chainofresponsibility.obj
c:\users\steven\source\repos\designpattern\designpattern\x64\debug\dispenseoutstate.obj
c:\users\steven\source\repos\designpattern\designpattern\x64\debug\norafflestate.obj
c:\users\steven\source\repos\designpattern\designpattern\x64\debug\main.obj
c:\users\steven\source\repos\designpattern\designpattern\x64\debug\dispensestate.obj
c:\users\steven\source\repos\designpattern\designpattern\x64\debug\canrafflestate.obj
c:\users\steven\source\repos\designpattern\designpattern\x64\debug\command.obj
c:\users\steven\source\repos\designpattern\designpattern\x64\debug\visitor.obj
c:\users\steven\source\repos\designpattern\designpattern\x64\debug\iterator.obj
c:\users\steven\source\repos\designpattern\designpattern\x64\debug\interpreter.obj
c:\users\steven\source\repos\designpattern\designpattern\x64\debug\singleton.obj
c:\users\steven\source\repos\designpattern\designpattern\x64\debug\factory.obj
c:\users\steven\source\repos\designpattern\designpattern\x64\debug\adapter.obj
c:\users\steven\source\repos\designpattern\designpattern\x64\debug\abstractfactory.obj
c:\users\steven\source\repos\designpattern\designpattern\x64\debug\strategy2.obj
c:\users\steven\source\repos\designpattern\designpattern\x64\debug\strategy1.obj
c:\users\steven\source\repos\designpattern\designpattern\x64\debug\prototype.obj
c:\users\steven\source\repos\designpattern\designpattern\x64\debug\template.obj
c:\users\steven\source\repos\designpattern\x64\debug\designpattern.exe
c:\users\steven\source\repos\designpattern\x64\debug\designpattern.pdb
c:\users\steven\source\repos\designpattern\designpattern\x64\debug\designpattern.ilk
c:\users\steven\source\repos\designpattern\designpattern\x64\debug\raffleactivity.obj
c:\users\steven\source\repos\designpattern\designpattern\x64\debug\state.obj
c:\users\steven\source\repos\designpattern\designpattern\x64\debug\strategy.obj
c:\users\steven\source\repos\designpattern\designpattern\x64\debug\designpattern.tlog\cl.command.1.tlog
c:\users\steven\source\repos\designpattern\designpattern\x64\debug\designpattern.tlog\cl.items.tlog
c:\users\steven\source\repos\designpattern\designpattern\x64\debug\designpattern.tlog\cl.read.1.tlog
c:\users\steven\source\repos\designpattern\designpattern\x64\debug\designpattern.tlog\cl.write.1.tlog
c:\users\steven\source\repos\designpattern\designpattern\x64\debug\designpattern.tlog\link.command.1.tlog
c:\users\steven\source\repos\designpattern\designpattern\x64\debug\designpattern.tlog\link.read.1.tlog
c:\users\steven\source\repos\designpattern\designpattern\x64\debug\designpattern.tlog\link.secondary.1.tlog
c:\users\steven\source\repos\designpattern\designpattern\x64\debug\designpattern.tlog\link.write.1.tlog
