  Observer.cpp
C:\Program Files\Microsoft Visual Studio\2022\Community\VC\Tools\MSVC\14.38.33130\include\xmemory(723,82): error C2280: “std::unique_ptr<View,std::default_delete<View>>::unique_ptr(const std::unique_ptr<View,std::default_delete<View>> &)”: 尝试引用已删除的函数
  (编译源文件“Observer.cpp”)
      C:\Program Files\Microsoft Visual Studio\2022\Community\VC\Tools\MSVC\14.38.33130\include\memory(3319,5):
      参见“std::unique_ptr<View,std::default_delete<View>>::unique_ptr”的声明
      C:\Program Files\Microsoft Visual Studio\2022\Community\VC\Tools\MSVC\14.38.33130\include\memory(3319,5):
      “std::unique_ptr<View,std::default_delete<View>>::unique_ptr(const std::unique_ptr<View,std::default_delete<View>> &)”: 已隐式删除函数
      C:\Program Files\Microsoft Visual Studio\2022\Community\VC\Tools\MSVC\14.38.33130\include\xmemory(723,82):
      模板实例化上下文(最早的实例化上下文)为
          C:\Users\Steven\source\repos\DesignPattern\DesignPattern\Observer.cpp(48,15):
          查看对正在编译的函数 模板 实例化“void std::list<std::unique_ptr<View,std::default_delete<View>>,std::allocator<std::unique_ptr<View,std::default_delete<View>>>>::emplace_back<std::unique_ptr<View,std::default_delete<View>>&>(std::unique_ptr<View,std::default_delete<View>> &)”的引用
          C:\Program Files\Microsoft Visual Studio\2022\Community\VC\Tools\MSVC\14.38.33130\include\list(993,29):
          查看对正在编译的函数 模板 实例化“std::_List_node<_Ty,std::_Default_allocator_traits<_Alloc>::void_pointer> *std::list<_Ty,_Alloc>::_Emplace<std::unique_ptr<View,std::default_delete<View>>&>(std::_List_node<_Ty,std::_Default_allocator_traits<_Alloc>::void_pointer> *const ,std::unique_ptr<View,std::default_delete<View>> &)”的引用
          with
          [
              _Ty=std::unique_ptr<View,std::default_delete<View>>,
              _Alloc=std::allocator<std::unique_ptr<View,std::default_delete<View>>>
          ]
          C:\Program Files\Microsoft Visual Studio\2022\Community\VC\Tools\MSVC\14.38.33130\include\list(1018,44):
          查看对正在编译的函数 模板 实例化“std::_List_node_emplace_op2<std::allocator<std::_List_node<_Ty,std::_Default_allocator_traits<_Alloc>::void_pointer>>>::_List_node_emplace_op2<std::unique_ptr<View,std::default_delete<View>>&>(_Alnode &,std::unique_ptr<View,std::default_delete<View>> &)”的引用
          with
          [
              _Ty=std::unique_ptr<View,std::default_delete<View>>,
              _Alloc=std::allocator<std::unique_ptr<View,std::default_delete<View>>>,
              _Alnode=std::allocator<std::_List_node<std::unique_ptr<View,std::default_delete<View>>,std::_Default_allocator_traits<std::allocator<std::unique_ptr<View,std::default_delete<View>>>>::void_pointer>>
          ]
          C:\Program Files\Microsoft Visual Studio\2022\Community\VC\Tools\MSVC\14.38.33130\include\list(585,25):
          查看对正在编译的函数 模板 实例化“void std::_Default_allocator_traits<_Alloc>::construct<_Ty,std::unique_ptr<View,std::default_delete<View>>&>(_Alloc &,_Objty *const ,std::unique_ptr<View,std::default_delete<View>> &)”的引用
          with
          [
              _Alloc=std::allocator<std::_List_node<std::unique_ptr<View,std::default_delete<View>>,std::_Default_allocator_traits<std::allocator<std::unique_ptr<View,std::default_delete<View>>>>::void_pointer>>,
              _Ty=std::unique_ptr<View,std::default_delete<View>>,
              _Objty=std::unique_ptr<View,std::default_delete<View>>
          ]
  
